{
  "file_info": {
    "path": "c:/Development/Final Build/brant/tests/mcdonalds collection/24-0014_McDonalds042-3271_DentonTX(Loop288)_AMEPS_Revision2(FullSet)_051325 (1).pdf",
    "filename": "24-0014_McDonalds042-3271_DentonTX(Loop288)_AMEPS_Revision2(FullSet)_051325 (1).pdf",
    "size_bytes": 32265472,
    "size_mb": 30.77,
    "page_count": 48,
    "exists": true
  },
  "pdf_splitter": {
    "needs_splitting": true,
    "max_pages_per_chunk": 15,
    "max_size_mb_per_chunk": 25,
    "chunks_created": 4,
    "chunk_details": [
      {
        "chunk_index": 0,
        "start_page": 1,
        "end_page": 15,
        "page_count": 15,
        "size_mb": 8.58,
        "is_original": false
      },
      {
        "chunk_index": 1,
        "start_page": 16,
        "end_page": 30,
        "page_count": 15,
        "size_mb": 8.58,
        "is_original": false
      },
      {
        "chunk_index": 2,
        "start_page": 31,
        "end_page": 45,
        "page_count": 15,
        "size_mb": 12.14,
        "is_original": false
      },
      {
        "chunk_index": 3,
        "start_page": 46,
        "end_page": 48,
        "page_count": 3,
        "size_mb": 1.62,
        "is_original": false
      }
    ],
    "total_chunk_pages": 48,
    "total_chunk_size_mb": 30.92
  },
  "document_ai": {
    "processing_time_seconds": 74.23,
    "success": true,
    "text_length": 370467,
    "pages_processed": 48,
    "entities_found": 0,
    "tables_found": 0,
    "measurements_found": 0,
    "chunks_processed": 4
  },
  "pipeline": {
    "processing_time_seconds": 300.13,
    "success": true,
    "document_id": "automated-test-mcdonalds-full"
  },
  "test_status": "FAILED",
  "error": "'ProcessingResult' object has no attribute 'document_analysis'",
  "traceback": "Traceback (most recent call last):\n  File \"C:\\Development\\Final Build\\brant\\test_automated_mcdonalds_full.py\", line 53, in run_automated_test\n    await self.step_4_test_complete_pipeline()\n  File \"C:\\Development\\Final Build\\brant\\test_automated_mcdonalds_full.py\", line 200, in step_4_test_complete_pipeline\n    if result.document_analysis:\n       ^^^^^^^^^^^^^^^^^^^^^^^^\n  File \"C:\\Users\\brian\\AppData\\Roaming\\Python\\Python313\\site-packages\\pydantic\\main.py\", line 991, in __getattr__\n    raise AttributeError(f'{type(self).__name__!r} object has no attribute {item!r}')\nAttributeError: 'ProcessingResult' object has no attribute 'document_analysis'\n"
}